{"D:\\Proyectos web\\Musala\\backend\\app.js": {"path":"D:\\Proyectos web\\Musala\\backend\\app.js","statementMap":{"0":{"start":{"line":4,"column":14},"end":{"line":4,"column":32}},"1":{"start":{"line":5,"column":17},"end":{"line":5,"column":39}},"2":{"start":{"line":8,"column":10},"end":{"line":8,"column":19}},"3":{"start":{"line":11,"column":20},"end":{"line":11,"column":54}},"4":{"start":{"line":14,"column":0},"end":{"line":14,"column":49}},"5":{"start":{"line":15,"column":0},"end":{"line":15,"column":27}},"6":{"start":{"line":18,"column":0},"end":{"line":23,"column":5}},"7":{"start":{"line":19,"column":1},"end":{"line":19,"column":48}},"8":{"start":{"line":20,"column":1},"end":{"line":20,"column":62}},"9":{"start":{"line":21,"column":1},"end":{"line":21,"column":94}},"10":{"start":{"line":22,"column":1},"end":{"line":22,"column":8}},"11":{"start":{"line":26,"column":0},"end":{"line":26,"column":36}},"12":{"start":{"line":29,"column":0},"end":{"line":29,"column":21}}},"fnMap":{"0":{"name":"(anonymous_0)","decl":{"start":{"line":18,"column":8},"end":{"line":18,"column":9}},"loc":{"start":{"line":18,"column":33},"end":{"line":23,"column":3}},"line":18}},"branchMap":{},"s":{"0":1,"1":1,"2":1,"3":1,"4":1,"5":1,"6":1,"7":28,"8":28,"9":28,"10":28,"11":1,"12":1},"f":{"0":28},"b":{},"_coverageSchema":"1a1c01bbd47fc00a2c39e90264f33305004495a9","hash":"ca618927d572d0552755a0bf91599785cc9d9eb7"}
,"D:\\Proyectos web\\Musala\\backend\\controllers\\gateway.controller.js": {"path":"D:\\Proyectos web\\Musala\\backend\\controllers\\gateway.controller.js","statementMap":{"0":{"start":{"line":3,"column":16},"end":{"line":3,"column":36}},"1":{"start":{"line":4,"column":14},"end":{"line":4,"column":48}},"2":{"start":{"line":5,"column":13},"end":{"line":5,"column":46}},"3":{"start":{"line":6,"column":23},"end":{"line":6,"column":38}},"4":{"start":{"line":7,"column":13},"end":{"line":7,"column":56}},"5":{"start":{"line":8,"column":18},"end":{"line":8,"column":62}},"6":{"start":{"line":9,"column":10},"end":{"line":9,"column":53}},"7":{"start":{"line":10,"column":10},"end":{"line":10,"column":56}},"8":{"start":{"line":11,"column":47},"end":{"line":11,"column":80}},"9":{"start":{"line":13,"column":19},"end":{"line":279,"column":1}},"10":{"start":{"line":17,"column":21},"end":{"line":17,"column":29}},"11":{"start":{"line":18,"column":22},"end":{"line":18,"column":24}},"12":{"start":{"line":20,"column":8},"end":{"line":92,"column":11}},"13":{"start":{"line":21,"column":12},"end":{"line":32,"column":13}},"14":{"start":{"line":22,"column":16},"end":{"line":25,"column":19}},"15":{"start":{"line":27,"column":17},"end":{"line":32,"column":13}},"16":{"start":{"line":28,"column":16},"end":{"line":31,"column":19}},"17":{"start":{"line":34,"column":12},"end":{"line":42,"column":13}},"18":{"start":{"line":35,"column":35},"end":{"line":35,"column":66}},"19":{"start":{"line":36,"column":27},"end":{"line":36,"column":92}},"20":{"start":{"line":38,"column":16},"end":{"line":41,"column":19}},"21":{"start":{"line":43,"column":12},"end":{"line":89,"column":13}},"22":{"start":{"line":45,"column":30},"end":{"line":45,"column":43}},"23":{"start":{"line":48,"column":16},"end":{"line":48,"column":42}},"24":{"start":{"line":49,"column":16},"end":{"line":49,"column":43}},"25":{"start":{"line":50,"column":16},"end":{"line":50,"column":43}},"26":{"start":{"line":54,"column":16},"end":{"line":81,"column":17}},"27":{"start":{"line":56,"column":20},"end":{"line":56,"column":64}},"28":{"start":{"line":57,"column":20},"end":{"line":73,"column":21}},"29":{"start":{"line":58,"column":24},"end":{"line":61,"column":26}},"30":{"start":{"line":63,"column":24},"end":{"line":63,"column":50}},"31":{"start":{"line":64,"column":24},"end":{"line":64,"column":55}},"32":{"start":{"line":66,"column":24},"end":{"line":72,"column":26}},"33":{"start":{"line":67,"column":28},"end":{"line":71,"column":30}},"34":{"start":{"line":76,"column":20},"end":{"line":79,"column":23}},"35":{"start":{"line":84,"column":16},"end":{"line":87,"column":19}},"36":{"start":{"line":96,"column":8},"end":{"line":109,"column":9}},"37":{"start":{"line":97,"column":12},"end":{"line":103,"column":14}},"38":{"start":{"line":98,"column":16},"end":{"line":102,"column":18}},"39":{"start":{"line":105,"column":12},"end":{"line":108,"column":15}},"40":{"start":{"line":115,"column":27},"end":{"line":115,"column":44}},"41":{"start":{"line":117,"column":8},"end":{"line":138,"column":9}},"42":{"start":{"line":118,"column":12},"end":{"line":132,"column":14}},"43":{"start":{"line":119,"column":16},"end":{"line":131,"column":17}},"44":{"start":{"line":120,"column":20},"end":{"line":123,"column":23}},"45":{"start":{"line":126,"column":20},"end":{"line":130,"column":23}},"46":{"start":{"line":134,"column":12},"end":{"line":137,"column":15}},"47":{"start":{"line":143,"column":26},"end":{"line":143,"column":41}},"48":{"start":{"line":145,"column":8},"end":{"line":167,"column":9}},"49":{"start":{"line":146,"column":12},"end":{"line":160,"column":15}},"50":{"start":{"line":147,"column":16},"end":{"line":159,"column":17}},"51":{"start":{"line":148,"column":20},"end":{"line":151,"column":23}},"52":{"start":{"line":154,"column":20},"end":{"line":158,"column":23}},"53":{"start":{"line":163,"column":12},"end":{"line":166,"column":15}},"54":{"start":{"line":172,"column":19},"end":{"line":172,"column":21}},"55":{"start":{"line":175,"column":27},"end":{"line":175,"column":44}},"56":{"start":{"line":177,"column":21},"end":{"line":177,"column":29}},"57":{"start":{"line":178,"column":8},"end":{"line":187,"column":9}},"58":{"start":{"line":180,"column":35},"end":{"line":180,"column":71}},"59":{"start":{"line":181,"column":35},"end":{"line":181,"column":71}},"60":{"start":{"line":183,"column":12},"end":{"line":186,"column":15}},"61":{"start":{"line":188,"column":8},"end":{"line":227,"column":9}},"62":{"start":{"line":190,"column":12},"end":{"line":190,"column":51}},"63":{"start":{"line":191,"column":12},"end":{"line":221,"column":13}},"64":{"start":{"line":192,"column":16},"end":{"line":196,"column":19}},"65":{"start":{"line":198,"column":17},"end":{"line":221,"column":13}},"66":{"start":{"line":199,"column":16},"end":{"line":203,"column":19}},"67":{"start":{"line":207,"column":16},"end":{"line":220,"column":17}},"68":{"start":{"line":208,"column":20},"end":{"line":214,"column":21}},"69":{"start":{"line":209,"column":24},"end":{"line":213,"column":26}},"70":{"start":{"line":216,"column":20},"end":{"line":219,"column":23}},"71":{"start":{"line":223,"column":12},"end":{"line":226,"column":15}},"72":{"start":{"line":231,"column":19},"end":{"line":231,"column":21}},"73":{"start":{"line":233,"column":27},"end":{"line":233,"column":44}},"74":{"start":{"line":235,"column":24},"end":{"line":235,"column":36}},"75":{"start":{"line":237,"column":8},"end":{"line":237,"column":50}},"76":{"start":{"line":239,"column":8},"end":{"line":272,"column":9}},"77":{"start":{"line":240,"column":12},"end":{"line":244,"column":15}},"78":{"start":{"line":246,"column":13},"end":{"line":272,"column":9}},"79":{"start":{"line":247,"column":12},"end":{"line":251,"column":15}},"80":{"start":{"line":257,"column":12},"end":{"line":270,"column":13}},"81":{"start":{"line":258,"column":16},"end":{"line":264,"column":17}},"82":{"start":{"line":259,"column":20},"end":{"line":263,"column":22}},"83":{"start":{"line":266,"column":16},"end":{"line":269,"column":19}},"84":{"start":{"line":281,"column":0},"end":{"line":281,"column":28}}},"fnMap":{"0":{"name":"(anonymous_0)","decl":{"start":{"line":14,"column":10},"end":{"line":14,"column":11}},"loc":{"start":{"line":14,"column":30},"end":{"line":93,"column":5}},"line":14},"1":{"name":"(anonymous_1)","decl":{"start":{"line":20,"column":44},"end":{"line":20,"column":45}},"loc":{"start":{"line":20,"column":70},"end":{"line":92,"column":9}},"line":20},"2":{"name":"(anonymous_2)","decl":{"start":{"line":66,"column":90},"end":{"line":66,"column":91}},"loc":{"start":{"line":67,"column":28},"end":{"line":71,"column":30}},"line":67},"3":{"name":"(anonymous_3)","decl":{"start":{"line":95,"column":17},"end":{"line":95,"column":18}},"loc":{"start":{"line":95,"column":37},"end":{"line":110,"column":5}},"line":95},"4":{"name":"(anonymous_4)","decl":{"start":{"line":97,"column":58},"end":{"line":97,"column":59}},"loc":{"start":{"line":98,"column":16},"end":{"line":102,"column":18}},"line":98},"5":{"name":"(anonymous_5)","decl":{"start":{"line":112,"column":24},"end":{"line":112,"column":25}},"loc":{"start":{"line":112,"column":44},"end":{"line":139,"column":5}},"line":112},"6":{"name":"(anonymous_6)","decl":{"start":{"line":118,"column":82},"end":{"line":118,"column":83}},"loc":{"start":{"line":118,"column":101},"end":{"line":132,"column":13}},"line":118},"7":{"name":"(anonymous_7)","decl":{"start":{"line":141,"column":22},"end":{"line":141,"column":23}},"loc":{"start":{"line":141,"column":42},"end":{"line":168,"column":5}},"line":141},"8":{"name":"(anonymous_8)","decl":{"start":{"line":146,"column":79},"end":{"line":146,"column":80}},"loc":{"start":{"line":146,"column":98},"end":{"line":160,"column":13}},"line":146},"9":{"name":"(anonymous_9)","decl":{"start":{"line":170,"column":15},"end":{"line":170,"column":16}},"loc":{"start":{"line":170,"column":35},"end":{"line":228,"column":5}},"line":170},"10":{"name":"(anonymous_10)","decl":{"start":{"line":208,"column":136},"end":{"line":208,"column":137}},"loc":{"start":{"line":209,"column":24},"end":{"line":213,"column":26}},"line":209},"11":{"name":"(anonymous_11)","decl":{"start":{"line":230,"column":18},"end":{"line":230,"column":19}},"loc":{"start":{"line":230,"column":38},"end":{"line":276,"column":5}},"line":230},"12":{"name":"(anonymous_12)","decl":{"start":{"line":258,"column":132},"end":{"line":258,"column":133}},"loc":{"start":{"line":259,"column":20},"end":{"line":263,"column":22}},"line":259}},"branchMap":{"0":{"loc":{"start":{"line":21,"column":12},"end":{"line":32,"column":13}},"type":"if","locations":[{"start":{"line":21,"column":12},"end":{"line":32,"column":13}},{"start":{"line":27,"column":17},"end":{"line":32,"column":13}}],"line":21},"1":{"loc":{"start":{"line":27,"column":17},"end":{"line":32,"column":13}},"type":"if","locations":[{"start":{"line":27,"column":17},"end":{"line":32,"column":13}},{"start":{},"end":{}}],"line":27},"2":{"loc":{"start":{"line":36,"column":27},"end":{"line":36,"column":92}},"type":"binary-expr","locations":[{"start":{"line":36,"column":27},"end":{"line":36,"column":58}},{"start":{"line":36,"column":62},"end":{"line":36,"column":92}}],"line":36},"3":{"loc":{"start":{"line":40,"column":29},"end":{"line":40,"column":64}},"type":"binary-expr","locations":[{"start":{"line":40,"column":29},"end":{"line":40,"column":42}},{"start":{"line":40,"column":46},"end":{"line":40,"column":64}}],"line":40},"4":{"loc":{"start":{"line":43,"column":12},"end":{"line":89,"column":13}},"type":"if","locations":[{"start":{"line":43,"column":12},"end":{"line":89,"column":13}},{"start":{"line":83,"column":19},"end":{"line":89,"column":13}}],"line":43},"5":{"loc":{"start":{"line":43,"column":16},"end":{"line":43,"column":36}},"type":"binary-expr","locations":[{"start":{"line":43,"column":16},"end":{"line":43,"column":28}},{"start":{"line":43,"column":32},"end":{"line":43,"column":36}}],"line":43},"6":{"loc":{"start":{"line":57,"column":20},"end":{"line":73,"column":21}},"type":"if","locations":[{"start":{"line":57,"column":20},"end":{"line":73,"column":21}},{"start":{"line":62,"column":27},"end":{"line":73,"column":21}}],"line":57},"7":{"loc":{"start":{"line":78,"column":33},"end":{"line":78,"column":67}},"type":"binary-expr","locations":[{"start":{"line":78,"column":33},"end":{"line":78,"column":44}},{"start":{"line":78,"column":48},"end":{"line":78,"column":67}}],"line":78},"8":{"loc":{"start":{"line":107,"column":25},"end":{"line":107,"column":62}},"type":"binary-expr","locations":[{"start":{"line":107,"column":25},"end":{"line":107,"column":36}},{"start":{"line":107,"column":40},"end":{"line":107,"column":62}}],"line":107},"9":{"loc":{"start":{"line":119,"column":16},"end":{"line":131,"column":17}},"type":"if","locations":[{"start":{"line":119,"column":16},"end":{"line":131,"column":17}},{"start":{"line":125,"column":21},"end":{"line":131,"column":17}}],"line":119},"10":{"loc":{"start":{"line":136,"column":25},"end":{"line":136,"column":65}},"type":"binary-expr","locations":[{"start":{"line":136,"column":25},"end":{"line":136,"column":36}},{"start":{"line":136,"column":40},"end":{"line":136,"column":65}}],"line":136},"11":{"loc":{"start":{"line":147,"column":16},"end":{"line":159,"column":17}},"type":"if","locations":[{"start":{"line":147,"column":16},"end":{"line":159,"column":17}},{"start":{"line":153,"column":21},"end":{"line":159,"column":17}}],"line":147},"12":{"loc":{"start":{"line":165,"column":25},"end":{"line":165,"column":62}},"type":"binary-expr","locations":[{"start":{"line":165,"column":25},"end":{"line":165,"column":36}},{"start":{"line":165,"column":40},"end":{"line":165,"column":62}}],"line":165},"13":{"loc":{"start":{"line":185,"column":25},"end":{"line":185,"column":58}},"type":"binary-expr","locations":[{"start":{"line":185,"column":25},"end":{"line":185,"column":36}},{"start":{"line":185,"column":40},"end":{"line":185,"column":58}}],"line":185},"14":{"loc":{"start":{"line":188,"column":8},"end":{"line":227,"column":9}},"type":"if","locations":[{"start":{"line":188,"column":8},"end":{"line":227,"column":9}},{"start":{"line":222,"column":15},"end":{"line":227,"column":9}}],"line":188},"15":{"loc":{"start":{"line":188,"column":12},"end":{"line":188,"column":48}},"type":"binary-expr","locations":[{"start":{"line":188,"column":12},"end":{"line":188,"column":28}},{"start":{"line":188,"column":32},"end":{"line":188,"column":48}}],"line":188},"16":{"loc":{"start":{"line":191,"column":12},"end":{"line":221,"column":13}},"type":"if","locations":[{"start":{"line":191,"column":12},"end":{"line":221,"column":13}},{"start":{"line":198,"column":17},"end":{"line":221,"column":13}}],"line":191},"17":{"loc":{"start":{"line":198,"column":17},"end":{"line":221,"column":13}},"type":"if","locations":[{"start":{"line":198,"column":17},"end":{"line":221,"column":13}},{"start":{"line":205,"column":17},"end":{"line":221,"column":13}}],"line":198},"18":{"loc":{"start":{"line":218,"column":33},"end":{"line":218,"column":70}},"type":"binary-expr","locations":[{"start":{"line":218,"column":33},"end":{"line":218,"column":44}},{"start":{"line":218,"column":48},"end":{"line":218,"column":70}}],"line":218},"19":{"loc":{"start":{"line":239,"column":8},"end":{"line":272,"column":9}},"type":"if","locations":[{"start":{"line":239,"column":8},"end":{"line":272,"column":9}},{"start":{"line":246,"column":13},"end":{"line":272,"column":9}}],"line":239},"20":{"loc":{"start":{"line":246,"column":13},"end":{"line":272,"column":9}},"type":"if","locations":[{"start":{"line":246,"column":13},"end":{"line":272,"column":9}},{"start":{"line":255,"column":13},"end":{"line":272,"column":9}}],"line":246},"21":{"loc":{"start":{"line":268,"column":29},"end":{"line":268,"column":66}},"type":"binary-expr","locations":[{"start":{"line":268,"column":29},"end":{"line":268,"column":40}},{"start":{"line":268,"column":44},"end":{"line":268,"column":66}}],"line":268}},"s":{"0":1,"1":1,"2":1,"3":1,"4":1,"5":1,"6":1,"7":1,"8":1,"9":1,"10":7,"11":7,"12":7,"13":7,"14":0,"15":7,"16":1,"17":6,"18":6,"19":6,"20":0,"21":6,"22":5,"23":5,"24":5,"25":5,"26":5,"27":5,"28":5,"29":1,"30":4,"31":4,"32":4,"33":4,"34":0,"35":1,"36":3,"37":3,"38":3,"39":0,"40":6,"41":6,"42":6,"43":6,"44":1,"45":5,"46":0,"47":4,"48":4,"49":4,"50":4,"51":1,"52":3,"53":0,"54":5,"55":5,"56":5,"57":5,"58":5,"59":5,"60":0,"61":5,"62":4,"63":4,"64":1,"65":3,"66":1,"67":2,"68":2,"69":2,"70":0,"71":1,"72":3,"73":3,"74":3,"75":3,"76":3,"77":1,"78":2,"79":0,"80":2,"81":2,"82":2,"83":0,"84":1},"f":{"0":7,"1":7,"2":4,"3":3,"4":3,"5":6,"6":6,"7":4,"8":4,"9":5,"10":2,"11":3,"12":2},"b":{"0":[0,7],"1":[1,6],"2":[6,6],"3":[0,0],"4":[5,1],"5":[6,6],"6":[1,4],"7":[0,0],"8":[0,0],"9":[1,5],"10":[0,0],"11":[1,3],"12":[0,0],"13":[0,0],"14":[4,1],"15":[5,4],"16":[1,3],"17":[1,2],"18":[0,0],"19":[1,2],"20":[0,2],"21":[0,0]},"_coverageSchema":"1a1c01bbd47fc00a2c39e90264f33305004495a9","hash":"61edfe4c1344f508d059786ca8bd6eb90d10028e"}
,"D:\\Proyectos web\\Musala\\backend\\functions\\addDevices.function.js": {"path":"D:\\Proyectos web\\Musala\\backend\\functions\\addDevices.function.js","statementMap":{"0":{"start":{"line":2,"column":18},"end":{"line":2,"column":51}},"1":{"start":{"line":3,"column":14},"end":{"line":3,"column":48}},"2":{"start":{"line":5,"column":12},"end":{"line":33,"column":1}},"3":{"start":{"line":6,"column":18},"end":{"line":6,"column":20}},"4":{"start":{"line":7,"column":21},"end":{"line":7,"column":23}},"5":{"start":{"line":8,"column":18},"end":{"line":8,"column":31}},"6":{"start":{"line":11,"column":4},"end":{"line":15,"column":5}},"7":{"start":{"line":12,"column":8},"end":{"line":12,"column":63}},"8":{"start":{"line":14,"column":8},"end":{"line":14,"column":32}},"9":{"start":{"line":16,"column":4},"end":{"line":31,"column":5}},"10":{"start":{"line":17,"column":8},"end":{"line":17,"column":23}},"11":{"start":{"line":21,"column":8},"end":{"line":21,"column":47}},"12":{"start":{"line":22,"column":8},"end":{"line":30,"column":9}},"13":{"start":{"line":23,"column":12},"end":{"line":23,"column":48}},"14":{"start":{"line":26,"column":12},"end":{"line":26,"column":48}},"15":{"start":{"line":27,"column":12},"end":{"line":27,"column":65}},"16":{"start":{"line":29,"column":12},"end":{"line":29,"column":38}},"17":{"start":{"line":35,"column":0},"end":{"line":35,"column":21}}},"fnMap":{"0":{"name":"(anonymous_0)","decl":{"start":{"line":5,"column":12},"end":{"line":5,"column":13}},"loc":{"start":{"line":5,"column":44},"end":{"line":33,"column":1}},"line":5}},"branchMap":{"0":{"loc":{"start":{"line":16,"column":4},"end":{"line":31,"column":5}},"type":"if","locations":[{"start":{"line":16,"column":4},"end":{"line":31,"column":5}},{"start":{"line":20,"column":9},"end":{"line":31,"column":5}}],"line":16},"1":{"loc":{"start":{"line":22,"column":8},"end":{"line":30,"column":9}},"type":"if","locations":[{"start":{"line":22,"column":8},"end":{"line":30,"column":9}},{"start":{"line":25,"column":13},"end":{"line":30,"column":9}}],"line":22}},"s":{"0":1,"1":1,"2":1,"3":4,"4":4,"5":4,"6":4,"7":4,"8":0,"9":4,"10":1,"11":3,"12":3,"13":1,"14":2,"15":2,"16":2,"17":1},"f":{"0":4},"b":{"0":[1,3],"1":[1,2]},"_coverageSchema":"1a1c01bbd47fc00a2c39e90264f33305004495a9","hash":"2b9d59479a2b4af548819cac89032e4fd514a015"}
,"D:\\Proyectos web\\Musala\\backend\\functions\\create_uid.function.js": {"path":"D:\\Proyectos web\\Musala\\backend\\functions\\create_uid.function.js","statementMap":{"0":{"start":{"line":3,"column":15},"end":{"line":3,"column":27}},"1":{"start":{"line":5,"column":23},"end":{"line":7,"column":1}},"2":{"start":{"line":6,"column":4},"end":{"line":6,"column":70}},"3":{"start":{"line":9,"column":20},"end":{"line":11,"column":1}},"4":{"start":{"line":10,"column":4},"end":{"line":10,"column":168}},"5":{"start":{"line":13,"column":13},"end":{"line":15,"column":1}},"6":{"start":{"line":14,"column":4},"end":{"line":14,"column":35}},"7":{"start":{"line":17,"column":0},"end":{"line":17,"column":24}}},"fnMap":{"0":{"name":"(anonymous_0)","decl":{"start":{"line":5,"column":23},"end":{"line":5,"column":24}},"loc":{"start":{"line":5,"column":28},"end":{"line":7,"column":1}},"line":5},"1":{"name":"(anonymous_1)","decl":{"start":{"line":9,"column":20},"end":{"line":9,"column":21}},"loc":{"start":{"line":9,"column":26},"end":{"line":11,"column":1}},"line":9},"2":{"name":"(anonymous_2)","decl":{"start":{"line":13,"column":13},"end":{"line":13,"column":14}},"loc":{"start":{"line":13,"column":17},"end":{"line":15,"column":1}},"line":13}},"branchMap":{},"s":{"0":1,"1":1,"2":144,"3":1,"4":18,"5":1,"6":18,"7":1},"f":{"0":144,"1":18,"2":18},"b":{},"_coverageSchema":"1a1c01bbd47fc00a2c39e90264f33305004495a9","hash":"3f7f95acc21456564ff5830fd38902b6be3733b6"}
,"D:\\Proyectos web\\Musala\\backend\\functions\\deleteDevices.function.js": {"path":"D:\\Proyectos web\\Musala\\backend\\functions\\deleteDevices.function.js","statementMap":{"0":{"start":{"line":3,"column":14},"end":{"line":3,"column":48}},"1":{"start":{"line":4,"column":13},"end":{"line":4,"column":46}},"2":{"start":{"line":6,"column":12},"end":{"line":41,"column":1}},"3":{"start":{"line":7,"column":18},"end":{"line":7,"column":31}},"4":{"start":{"line":8,"column":17},"end":{"line":8,"column":29}},"5":{"start":{"line":9,"column":25},"end":{"line":9,"column":27}},"6":{"start":{"line":12,"column":4},"end":{"line":16,"column":5}},"7":{"start":{"line":13,"column":8},"end":{"line":13,"column":83}},"8":{"start":{"line":15,"column":8},"end":{"line":15,"column":32}},"9":{"start":{"line":17,"column":4},"end":{"line":40,"column":5}},"10":{"start":{"line":18,"column":8},"end":{"line":18,"column":37}},"11":{"start":{"line":20,"column":8},"end":{"line":20,"column":44}},"12":{"start":{"line":21,"column":8},"end":{"line":28,"column":9}},"13":{"start":{"line":22,"column":12},"end":{"line":24,"column":13}},"14":{"start":{"line":23,"column":16},"end":{"line":23,"column":22}},"15":{"start":{"line":25,"column":12},"end":{"line":27,"column":13}},"16":{"start":{"line":26,"column":16},"end":{"line":26,"column":45}},"17":{"start":{"line":29,"column":8},"end":{"line":29,"column":36}},"18":{"start":{"line":32,"column":8},"end":{"line":36,"column":9}},"19":{"start":{"line":33,"column":12},"end":{"line":33,"column":50}},"20":{"start":{"line":35,"column":12},"end":{"line":35,"column":36}},"21":{"start":{"line":39,"column":8},"end":{"line":39,"column":30}},"22":{"start":{"line":43,"column":0},"end":{"line":43,"column":21}}},"fnMap":{"0":{"name":"(anonymous_0)","decl":{"start":{"line":6,"column":12},"end":{"line":6,"column":13}},"loc":{"start":{"line":6,"column":41},"end":{"line":41,"column":1}},"line":6}},"branchMap":{"0":{"loc":{"start":{"line":17,"column":4},"end":{"line":40,"column":5}},"type":"if","locations":[{"start":{"line":17,"column":4},"end":{"line":40,"column":5}},{"start":{"line":19,"column":11},"end":{"line":40,"column":5}}],"line":17},"1":{"loc":{"start":{"line":22,"column":12},"end":{"line":24,"column":13}},"type":"if","locations":[{"start":{"line":22,"column":12},"end":{"line":24,"column":13}},{"start":{},"end":{}}],"line":22},"2":{"loc":{"start":{"line":25,"column":12},"end":{"line":27,"column":13}},"type":"if","locations":[{"start":{"line":25,"column":12},"end":{"line":27,"column":13}},{"start":{},"end":{}}],"line":25},"3":{"loc":{"start":{"line":25,"column":16},"end":{"line":25,"column":78}},"type":"binary-expr","locations":[{"start":{"line":25,"column":16},"end":{"line":25,"column":46}},{"start":{"line":25,"column":50},"end":{"line":25,"column":78}}],"line":25}},"s":{"0":1,"1":1,"2":1,"3":3,"4":3,"5":3,"6":3,"7":3,"8":0,"9":3,"10":1,"11":2,"12":2,"13":5,"14":2,"15":3,"16":0,"17":2,"18":2,"19":2,"20":0,"21":2,"22":1},"f":{"0":3},"b":{"0":[1,2],"1":[2,3],"2":[0,3],"3":[3,0]},"_coverageSchema":"1a1c01bbd47fc00a2c39e90264f33305004495a9","hash":"24401ce8546c48b7beaab4da70fccb2d6626ac3a"}
,"D:\\Proyectos web\\Musala\\backend\\functions\\saveDevices.function.js": {"path":"D:\\Proyectos web\\Musala\\backend\\functions\\saveDevices.function.js","statementMap":{"0":{"start":{"line":3,"column":16},"end":{"line":3,"column":36}},"1":{"start":{"line":4,"column":13},"end":{"line":4,"column":46}},"2":{"start":{"line":5,"column":13},"end":{"line":5,"column":45}},"3":{"start":{"line":7,"column":21},"end":{"line":39,"column":1}},"4":{"start":{"line":10,"column":25},"end":{"line":10,"column":27}},"5":{"start":{"line":13,"column":8},"end":{"line":36,"column":9}},"6":{"start":{"line":13,"column":19},"end":{"line":13,"column":20}},"7":{"start":{"line":14,"column":12},"end":{"line":19,"column":13}},"8":{"start":{"line":15,"column":33},"end":{"line":15,"column":70}},"9":{"start":{"line":16,"column":33},"end":{"line":16,"column":70}},"10":{"start":{"line":18,"column":16},"end":{"line":18,"column":39}},"11":{"start":{"line":20,"column":12},"end":{"line":35,"column":13}},"12":{"start":{"line":21,"column":29},"end":{"line":21,"column":41}},"13":{"start":{"line":22,"column":16},"end":{"line":22,"column":40}},"14":{"start":{"line":23,"column":16},"end":{"line":23,"column":50}},"15":{"start":{"line":24,"column":16},"end":{"line":24,"column":41}},"16":{"start":{"line":25,"column":16},"end":{"line":25,"column":50}},"17":{"start":{"line":31,"column":16},"end":{"line":31,"column":57}},"18":{"start":{"line":34,"column":16},"end":{"line":34,"column":40}},"19":{"start":{"line":38,"column":4},"end":{"line":38,"column":26}},"20":{"start":{"line":41,"column":0},"end":{"line":41,"column":29}}},"fnMap":{"0":{"name":"(anonymous_0)","decl":{"start":{"line":7,"column":21},"end":{"line":7,"column":22}},"loc":{"start":{"line":7,"column":40},"end":{"line":39,"column":1}},"line":7}},"branchMap":{"0":{"loc":{"start":{"line":20,"column":12},"end":{"line":35,"column":13}},"type":"if","locations":[{"start":{"line":20,"column":12},"end":{"line":35,"column":13}},{"start":{"line":33,"column":17},"end":{"line":35,"column":13}}],"line":20},"1":{"loc":{"start":{"line":20,"column":15},"end":{"line":20,"column":47}},"type":"binary-expr","locations":[{"start":{"line":20,"column":15},"end":{"line":20,"column":29}},{"start":{"line":20,"column":33},"end":{"line":20,"column":47}}],"line":20}},"s":{"0":1,"1":1,"2":1,"3":1,"4":7,"5":7,"6":7,"7":19,"8":19,"9":19,"10":0,"11":19,"12":18,"13":18,"14":18,"15":18,"16":18,"17":18,"18":1,"19":6,"20":1},"f":{"0":7},"b":{"0":[18,1],"1":[19,18]},"_coverageSchema":"1a1c01bbd47fc00a2c39e90264f33305004495a9","hash":"8d96116b12134fb133528671c73eb77eece1ee3e"}
,"D:\\Proyectos web\\Musala\\backend\\models\\device.model.js": {"path":"D:\\Proyectos web\\Musala\\backend\\models\\device.model.js","statementMap":{"0":{"start":{"line":3,"column":15},"end":{"line":3,"column":34}},"1":{"start":{"line":4,"column":13},"end":{"line":4,"column":28}},"2":{"start":{"line":6,"column":19},"end":{"line":15,"column":2}},"3":{"start":{"line":19,"column":0},"end":{"line":19,"column":56}}},"fnMap":{},"branchMap":{},"s":{"0":1,"1":1,"2":1,"3":1},"f":{},"b":{},"_coverageSchema":"1a1c01bbd47fc00a2c39e90264f33305004495a9","hash":"faa877836e5ab082d38e54741c4bc31c41e88f0b"}
,"D:\\Proyectos web\\Musala\\backend\\models\\gateway.model.js": {"path":"D:\\Proyectos web\\Musala\\backend\\models\\gateway.model.js","statementMap":{"0":{"start":{"line":3,"column":15},"end":{"line":3,"column":34}},"1":{"start":{"line":4,"column":13},"end":{"line":4,"column":28}},"2":{"start":{"line":5,"column":15},"end":{"line":5,"column":40}},"3":{"start":{"line":7,"column":20},"end":{"line":17,"column":2}},"4":{"start":{"line":21,"column":0},"end":{"line":21,"column":58}}},"fnMap":{},"branchMap":{},"s":{"0":1,"1":1,"2":1,"3":1,"4":1},"f":{},"b":{},"_coverageSchema":"1a1c01bbd47fc00a2c39e90264f33305004495a9","hash":"5d860637c86514331989f26412f3c2285ab99bf1"}
,"D:\\Proyectos web\\Musala\\backend\\routes\\gateway.routes.js": {"path":"D:\\Proyectos web\\Musala\\backend\\routes\\gateway.routes.js","statementMap":{"0":{"start":{"line":3,"column":14},"end":{"line":3,"column":32}},"1":{"start":{"line":4,"column":13},"end":{"line":4,"column":29}},"2":{"start":{"line":5,"column":24},"end":{"line":5,"column":68}},"3":{"start":{"line":8,"column":0},"end":{"line":8,"column":41}},"4":{"start":{"line":9,"column":0},"end":{"line":9,"column":47}},"5":{"start":{"line":10,"column":0},"end":{"line":10,"column":61}},"6":{"start":{"line":11,"column":0},"end":{"line":11,"column":62}},"7":{"start":{"line":12,"column":0},"end":{"line":12,"column":52}},"8":{"start":{"line":13,"column":0},"end":{"line":13,"column":59}},"9":{"start":{"line":14,"column":0},"end":{"line":14,"column":24}}},"fnMap":{},"branchMap":{},"s":{"0":1,"1":1,"2":1,"3":1,"4":1,"5":1,"6":1,"7":1,"8":1,"9":1},"f":{},"b":{},"_coverageSchema":"1a1c01bbd47fc00a2c39e90264f33305004495a9","hash":"eb5996d5be5f21cb4c62211504d3702d697246ed"}
,"D:\\Proyectos web\\Musala\\backend\\test\\global_test_var.js": {"path":"D:\\Proyectos web\\Musala\\backend\\test\\global_test_var.js","statementMap":{"0":{"start":{"line":1,"column":20},"end":{"line":15,"column":1}},"1":{"start":{"line":16,"column":28},"end":{"line":71,"column":1}},"2":{"start":{"line":75,"column":13},"end":{"line":75,"column":14}},"3":{"start":{"line":78,"column":1},"end":{"line":78,"column":19}},"4":{"start":{"line":79,"column":1},"end":{"line":79,"column":23}},"5":{"start":{"line":80,"column":1},"end":{"line":80,"column":21}},"6":{"start":{"line":81,"column":1},"end":{"line":81,"column":25}},"7":{"start":{"line":82,"column":1},"end":{"line":82,"column":39}},"8":{"start":{"line":83,"column":1},"end":{"line":83,"column":55}}},"fnMap":{},"branchMap":{},"s":{"0":1,"1":1,"2":1,"3":1,"4":1,"5":1,"6":1,"7":1,"8":1},"f":{},"b":{},"_coverageSchema":"1a1c01bbd47fc00a2c39e90264f33305004495a9","hash":"8b3e1ce88f356b65116fc6d6416c2ed984ca527a"}
}
