TN:
SF:app.js
FN:18,(anonymous_0)
FNF:1
FNH:1
FNDA:28,(anonymous_0)
DA:4,1
DA:5,1
DA:8,1
DA:11,1
DA:14,1
DA:15,1
DA:18,1
DA:19,28
DA:20,28
DA:21,28
DA:22,28
DA:26,1
DA:29,1
LF:13
LH:13
BRF:0
BRH:0
end_of_record
TN:
SF:controllers\gateway.controller.js
FN:14,(anonymous_0)
FN:20,(anonymous_1)
FN:66,(anonymous_2)
FN:95,(anonymous_3)
FN:97,(anonymous_4)
FN:112,(anonymous_5)
FN:118,(anonymous_6)
FN:141,(anonymous_7)
FN:146,(anonymous_8)
FN:170,(anonymous_9)
FN:208,(anonymous_10)
FN:230,(anonymous_11)
FN:258,(anonymous_12)
FNF:13
FNH:13
FNDA:7,(anonymous_0)
FNDA:7,(anonymous_1)
FNDA:4,(anonymous_2)
FNDA:3,(anonymous_3)
FNDA:3,(anonymous_4)
FNDA:6,(anonymous_5)
FNDA:6,(anonymous_6)
FNDA:4,(anonymous_7)
FNDA:4,(anonymous_8)
FNDA:5,(anonymous_9)
FNDA:2,(anonymous_10)
FNDA:3,(anonymous_11)
FNDA:2,(anonymous_12)
DA:3,1
DA:4,1
DA:5,1
DA:6,1
DA:7,1
DA:8,1
DA:9,1
DA:10,1
DA:11,1
DA:13,1
DA:17,7
DA:18,7
DA:20,7
DA:21,7
DA:22,0
DA:27,7
DA:28,1
DA:34,6
DA:35,6
DA:36,6
DA:38,0
DA:43,6
DA:45,5
DA:48,5
DA:49,5
DA:50,5
DA:54,5
DA:56,5
DA:57,5
DA:58,1
DA:63,4
DA:64,4
DA:66,4
DA:67,4
DA:76,0
DA:84,1
DA:96,3
DA:97,3
DA:98,3
DA:105,0
DA:115,6
DA:117,6
DA:118,6
DA:119,6
DA:120,1
DA:126,5
DA:134,0
DA:143,4
DA:145,4
DA:146,4
DA:147,4
DA:148,1
DA:154,3
DA:163,0
DA:172,5
DA:175,5
DA:177,5
DA:178,5
DA:180,5
DA:181,5
DA:183,0
DA:188,5
DA:190,4
DA:191,4
DA:192,1
DA:198,3
DA:199,1
DA:207,2
DA:208,2
DA:209,2
DA:216,0
DA:223,1
DA:231,3
DA:233,3
DA:235,3
DA:237,3
DA:239,3
DA:240,1
DA:246,2
DA:247,0
DA:257,2
DA:258,2
DA:259,2
DA:266,0
DA:281,1
LF:85
LH:75
BRDA:21,0,0,0
BRDA:21,0,1,7
BRDA:27,1,0,1
BRDA:27,1,1,6
BRDA:36,2,0,6
BRDA:36,2,1,6
BRDA:40,3,0,0
BRDA:40,3,1,0
BRDA:43,4,0,5
BRDA:43,4,1,1
BRDA:43,5,0,6
BRDA:43,5,1,6
BRDA:57,6,0,1
BRDA:57,6,1,4
BRDA:78,7,0,0
BRDA:78,7,1,0
BRDA:107,8,0,0
BRDA:107,8,1,0
BRDA:119,9,0,1
BRDA:119,9,1,5
BRDA:136,10,0,0
BRDA:136,10,1,0
BRDA:147,11,0,1
BRDA:147,11,1,3
BRDA:165,12,0,0
BRDA:165,12,1,0
BRDA:185,13,0,0
BRDA:185,13,1,0
BRDA:188,14,0,4
BRDA:188,14,1,1
BRDA:188,15,0,5
BRDA:188,15,1,4
BRDA:191,16,0,1
BRDA:191,16,1,3
BRDA:198,17,0,1
BRDA:198,17,1,2
BRDA:218,18,0,0
BRDA:218,18,1,0
BRDA:239,19,0,1
BRDA:239,19,1,2
BRDA:246,20,0,0
BRDA:246,20,1,2
BRDA:268,21,0,0
BRDA:268,21,1,0
BRF:44
BRH:26
end_of_record
TN:
SF:functions\addDevices.function.js
FN:5,(anonymous_0)
FNF:1
FNH:1
FNDA:4,(anonymous_0)
DA:2,1
DA:3,1
DA:5,1
DA:6,4
DA:7,4
DA:8,4
DA:11,4
DA:12,4
DA:14,0
DA:16,4
DA:17,1
DA:21,3
DA:22,3
DA:23,1
DA:26,2
DA:27,2
DA:29,2
DA:35,1
LF:18
LH:17
BRDA:16,0,0,1
BRDA:16,0,1,3
BRDA:22,1,0,1
BRDA:22,1,1,2
BRF:4
BRH:4
end_of_record
TN:
SF:functions\create_uid.function.js
FN:5,(anonymous_0)
FN:9,(anonymous_1)
FN:13,(anonymous_2)
FNF:3
FNH:3
FNDA:144,(anonymous_0)
FNDA:18,(anonymous_1)
FNDA:18,(anonymous_2)
DA:3,1
DA:5,1
DA:6,144
DA:9,1
DA:10,18
DA:13,1
DA:14,18
DA:17,1
LF:8
LH:8
BRF:0
BRH:0
end_of_record
TN:
SF:functions\deleteDevices.function.js
FN:6,(anonymous_0)
FNF:1
FNH:1
FNDA:3,(anonymous_0)
DA:3,1
DA:4,1
DA:6,1
DA:7,3
DA:8,3
DA:9,3
DA:12,3
DA:13,3
DA:15,0
DA:17,3
DA:18,1
DA:20,2
DA:21,2
DA:22,5
DA:23,2
DA:25,3
DA:26,0
DA:29,2
DA:32,2
DA:33,2
DA:35,0
DA:39,2
DA:43,1
LF:23
LH:20
BRDA:17,0,0,1
BRDA:17,0,1,2
BRDA:22,1,0,2
BRDA:22,1,1,3
BRDA:25,2,0,0
BRDA:25,2,1,3
BRDA:25,3,0,3
BRDA:25,3,1,0
BRF:8
BRH:6
end_of_record
TN:
SF:functions\saveDevices.function.js
FN:7,(anonymous_0)
FNF:1
FNH:1
FNDA:7,(anonymous_0)
DA:3,1
DA:4,1
DA:5,1
DA:7,1
DA:10,7
DA:13,7
DA:14,19
DA:15,19
DA:16,19
DA:18,0
DA:20,19
DA:21,18
DA:22,18
DA:23,18
DA:24,18
DA:25,18
DA:31,18
DA:34,1
DA:38,6
DA:41,1
LF:20
LH:19
BRDA:20,0,0,18
BRDA:20,0,1,1
BRDA:20,1,0,19
BRDA:20,1,1,18
BRF:4
BRH:4
end_of_record
TN:
SF:models\device.model.js
FNF:0
FNH:0
DA:3,1
DA:4,1
DA:6,1
DA:19,1
LF:4
LH:4
BRF:0
BRH:0
end_of_record
TN:
SF:models\gateway.model.js
FNF:0
FNH:0
DA:3,1
DA:4,1
DA:5,1
DA:7,1
DA:21,1
LF:5
LH:5
BRF:0
BRH:0
end_of_record
TN:
SF:routes\gateway.routes.js
FNF:0
FNH:0
DA:3,1
DA:4,1
DA:5,1
DA:8,1
DA:9,1
DA:10,1
DA:11,1
DA:12,1
DA:13,1
DA:14,1
LF:10
LH:10
BRF:0
BRH:0
end_of_record
TN:
SF:test\global_test_var.js
FNF:0
FNH:0
DA:1,1
DA:16,1
DA:75,1
DA:78,1
DA:79,1
DA:80,1
DA:81,1
DA:82,1
DA:83,1
LF:9
LH:9
BRF:0
BRH:0
end_of_record
